<?xml version="1.0" encoding="UTF-8"?>
<!-- Generated by org.testng.reporters.JUnitReportReporter -->
<testsuite skipped="0" hostname="69f8f9412d79" name="com.newtours.tests.BookFlightTest" tests="15" failures="0" timestamp="09 Sep 2021 08:35:14 GMT" time="44.450" errors="0">
  <testcase name="registrationPage" time="9.228" classname="com.newtours.tests.BookFlightTest"/>
  <testcase name="flightConfirmationPage" time="0.582" classname="com.newtours.tests.BookFlightTest"/>
  <testcase name="findFlightPage" time="1.155" classname="com.newtours.tests.BookFlightTest"/>
  <testcase name="registrationConfirmationPage" time="0.321" classname="com.newtours.tests.BookFlightTest"/>
  <testcase name="flightDetailsPage" time="2.072" classname="com.newtours.tests.BookFlightTest"/>
  <testcase name="registrationPage" time="8.301" classname="com.newtours.tests.BookFlightTest"/>
  <testcase name="flightConfirmationPage" time="2.115" classname="com.newtours.tests.BookFlightTest"/>
  <testcase name="flightDetailsPage" time="2.480" classname="com.newtours.tests.BookFlightTest"/>
  <testcase name="findFlightPage" time="0.641" classname="com.newtours.tests.BookFlightTest"/>
  <testcase name="registrationPage" time="11.935" classname="com.newtours.tests.BookFlightTest"/>
  <testcase name="registrationConfirmationPage" time="0.435" classname="com.newtours.tests.BookFlightTest"/>
  <testcase name="flightConfirmationPage" time="0.483" classname="com.newtours.tests.BookFlightTest"/>
  <testcase name="flightDetailsPage" time="3.000" classname="com.newtours.tests.BookFlightTest"/>
  <testcase name="findFlightPage" time="1.239" classname="com.newtours.tests.BookFlightTest"/>
  <testcase name="registrationConfirmationPage" time="0.463" classname="com.newtours.tests.BookFlightTest"/>
</testsuite> <!-- com.newtours.tests.BookFlightTest -->
